# JRE version: OpenJDK Runtime Environment (8.0_322-b06) (build 1.8.0_322-b06)
# Java VM: OpenJDK 64-Bit Server VM (25.322-b06 mixed mode windows-amd64 compressed oops)
Heap:
 PSYoungGen      total 402432K, used 283486K [0x000000076b900000, 0x000000078f800000, 0x00000007c0000000)
  eden space 382464K, 74% used [0x000000076b900000,0x000000077cdd7928,0x0000000782e80000)
  from space 19968K, 0% used [0x0000000782e80000,0x0000000782e80000,0x0000000784200000)
  to   space 20480K, 0% used [0x000000078e400000,0x000000078e400000,0x000000078f800000)
 ParOldGen       total 133632K, used 27315K [0x00000006c2a00000, 0x00000006cac80000, 0x000000076b900000)
  object space 133632K, 20% used [0x00000006c2a00000,0x00000006c44acc58,0x00000006cac80000)
 Metaspace       used 66302K, capacity 69370K, committed 69504K, reserved 1110016K
  class space    used 8528K, capacity 9076K, committed 9088K, reserved 1048576K
GC Heap History (10 events):
Event: 4.345 GC heap before
{Heap before GC invocations=8 (full 2):
 PSYoungGen      total 239616K, used 12364K [0x000000076b900000, 0x000000077b500000, 0x00000007c0000000)
  eden space 225792K, 0% used [0x000000076b900000,0x000000076b900000,0x0000000779580000)
  from space 13824K, 89% used [0x000000077a400000,0x000000077b013168,0x000000077b180000)
  to   space 14848K, 0% used [0x0000000779580000,0x0000000779580000,0x000000077a400000)
 ParOldGen       total 77824K, used 6971K [0x00000006c2a00000, 0x00000006c7600000, 0x000000076b900000)
  object space 77824K, 8% used [0x00000006c2a00000,0x00000006c30cece0,0x00000006c7600000)
 Metaspace       used 34234K, capacity 35454K, committed 35496K, reserved 1079296K
  class space    used 4566K, capacity 4833K, committed 4864K, reserved 1048576K
Event: 4.386 GC heap after
Heap after GC invocations=8 (full 2):
 PSYoungGen      total 239616K, used 0K [0x000000076b900000, 0x000000077b500000, 0x00000007c0000000)
  eden space 225792K, 0% used [0x000000076b900000,0x000000076b900000,0x0000000779580000)
  from space 13824K, 0% used [0x000000077a400000,0x000000077a400000,0x000000077b180000)
  to   space 14848K, 0% used [0x0000000779580000,0x0000000779580000,0x000000077a400000)
 ParOldGen       total 104960K, used 17664K [0x00000006c2a00000, 0x00000006c9080000, 0x000000076b900000)
  object space 104960K, 16% used [0x00000006c2a00000,0x00000006c3b40270,0x00000006c9080000)
 Metaspace       used 34233K, capacity 35448K, committed 35496K, reserved 1079296K
  class space    used 4566K, capacity 4832K, committed 4864K, reserved 1048576K
}
Event: 9.349 GC heap before
{Heap before GC invocations=9 (full 2):
 PSYoungGen      total 239616K, used 225792K [0x000000076b900000, 0x000000077b500000, 0x00000007c0000000)
  eden space 225792K, 100% used [0x000000076b900000,0x0000000779580000,0x0000000779580000)
  from space 13824K, 0% used [0x000000077a400000,0x000000077a400000,0x000000077b180000)
  to   space 14848K, 0% used [0x0000000779580000,0x0000000779580000,0x000000077a400000)
 ParOldGen       total 104960K, used 17664K [0x00000006c2a00000, 0x00000006c9080000, 0x000000076b900000)
  object space 104960K, 16% used [0x00000006c2a00000,0x00000006c3b40270,0x00000006c9080000)
 Metaspace       used 43322K, capacity 44848K, committed 45056K, reserved 1087488K
  class space    used 5673K, capacity 6028K, committed 6144K, reserved 1048576K
Event: 9.355 GC heap after
Heap after GC invocations=9 (full 2):
 PSYoungGen      total 240640K, used 9162K [0x000000076b900000, 0x0000000785580000, 0x00000007c0000000)
  eden space 225792K, 0% used [0x000000076b900000,0x000000076b900000,0x0000000779580000)
  from space 14848K, 61% used [0x0000000779580000,0x0000000779e729c8,0x000000077a400000)
  to   space 14336K, 0% used [0x0000000784780000,0x0000000784780000,0x0000000785580000)
 ParOldGen       total 104960K, used 17680K [0x00000006c2a00000, 0x00000006c9080000, 0x000000076b900000)
  object space 104960K, 16% used [0x00000006c2a00000,0x00000006c3b44270,0x00000006c9080000)
 Metaspace       used 43322K, capacity 44848K, committed 45056K, reserved 1087488K
  class space    used 5673K, capacity 6028K, committed 6144K, reserved 1048576K
}
Event: 11.832 GC heap before
{Heap before GC invocations=10 (full 2):
 PSYoungGen      total 240640K, used 234954K [0x000000076b900000, 0x0000000785580000, 0x00000007c0000000)
  eden space 225792K, 100% used [0x000000076b900000,0x0000000779580000,0x0000000779580000)
  from space 14848K, 61% used [0x0000000779580000,0x0000000779e729c8,0x000000077a400000)
  to   space 14336K, 0% used [0x0000000784780000,0x0000000784780000,0x0000000785580000)
 ParOldGen       total 104960K, used 17680K [0x00000006c2a00000, 0x00000006c9080000, 0x000000076b900000)
  object space 104960K, 16% used [0x00000006c2a00000,0x00000006c3b44270,0x00000006c9080000)
 Metaspace       used 56029K, capacity 58346K, committed 58624K, reserved 1099776K
  class space    used 7189K, capacity 7653K, committed 7680K, reserved 1048576K
Event: 11.847 GC heap after
Heap after GC invocations=10 (full 2):
 PSYoungGen      total 396800K, used 14330K [0x000000076b900000, 0x0000000785580000, 0x00000007c0000000)
  eden space 382464K, 0% used [0x000000076b900000,0x000000076b900000,0x0000000782e80000)
  from space 14336K, 99% used [0x0000000784780000,0x000000078557e890,0x0000000785580000)
  to   space 19968K, 0% used [0x0000000782e80000,0x0000000782e80000,0x0000000784200000)
 ParOldGen       total 104960K, used 26838K [0x00000006c2a00000, 0x00000006c9080000, 0x000000076b900000)
  object space 104960K, 25% used [0x00000006c2a00000,0x00000006c4435a18,0x00000006c9080000)
 Metaspace       used 56029K, capacity 58346K, committed 58624K, reserved 1099776K
  class space    used 7189K, capacity 7653K, committed 7680K, reserved 1048576K
}
Event: 11.978 GC heap before
{Heap before GC invocations=11 (full 2):
 PSYoungGen      total 396800K, used 65095K [0x000000076b900000, 0x0000000785580000, 0x00000007c0000000)
  eden space 382464K, 13% used [0x000000076b900000,0x000000076ea93658,0x0000000782e80000)
  from space 14336K, 99% used [0x0000000784780000,0x000000078557e890,0x0000000785580000)
  to   space 19968K, 0% used [0x0000000782e80000,0x0000000782e80000,0x0000000784200000)
 ParOldGen       total 104960K, used 26838K [0x00000006c2a00000, 0x00000006c9080000, 0x000000076b900000)
  object space 104960K, 25% used [0x00000006c2a00000,0x00000006c4435a18,0x00000006c9080000)
 Metaspace       used 56711K, capacity 59038K, committed 59160K, reserved 1101824K
  class space    used 7226K, capacity 7699K, committed 7808K, reserved 1048576K
Event: 11.986 GC heap after
Heap after GC invocations=11 (full 2):
 PSYoungGen      total 402432K, used 14719K [0x000000076b900000, 0x000000078f800000, 0x00000007c0000000)
  eden space 382464K, 0% used [0x000000076b900000,0x000000076b900000,0x0000000782e80000)
  from space 19968K, 73% used [0x0000000782e80000,0x0000000783cdfe88,0x0000000784200000)
  to   space 20480K, 0% used [0x000000078e400000,0x000000078e400000,0x000000078f800000)
 ParOldGen       total 104960K, used 26846K [0x00000006c2a00000, 0x00000006c9080000, 0x000000076b900000)
  object space 104960K, 25% used [0x00000006c2a00000,0x00000006c4437a18,0x00000006c9080000)
 Metaspace       used 56711K, capacity 59038K, committed 59160K, reserved 1101824K
  class space    used 7226K, capacity 7699K, committed 7808K, reserved 1048576K
}
Event: 11.986 GC heap before
{Heap before GC invocations=12 (full 3):
 PSYoungGen      total 402432K, used 14719K [0x000000076b900000, 0x000000078f800000, 0x00000007c0000000)
  eden space 382464K, 0% used [0x000000076b900000,0x000000076b900000,0x0000000782e80000)
  from space 19968K, 73% used [0x0000000782e80000,0x0000000783cdfe88,0x0000000784200000)
  to   space 20480K, 0% used [0x000000078e400000,0x000000078e400000,0x000000078f800000)
 ParOldGen       total 104960K, used 26846K [0x00000006c2a00000, 0x00000006c9080000, 0x000000076b900000)
  object space 104960K, 25% used [0x00000006c2a00000,0x00000006c4437a18,0x00000006c9080000)
 Metaspace       used 56711K, capacity 59038K, committed 59160K, reserved 1101824K
  class space    used 7226K, capacity 7699K, committed 7808K, reserved 1048576K
Event: 12.111 GC heap after
Heap after GC invocations=12 (full 3):
 PSYoungGen      total 402432K, used 0K [0x000000076b900000, 0x000000078f800000, 0x00000007c0000000)
  eden space 382464K, 0% used [0x000000076b900000,0x000000076b900000,0x0000000782e80000)
  from space 19968K, 0% used [0x0000000782e80000,0x0000000782e80000,0x0000000784200000)
  to   space 20480K, 0% used [0x000000078e400000,0x000000078e400000,0x000000078f800000)
 ParOldGen       total 133632K, used 27315K [0x00000006c2a00000, 0x00000006cac80000, 0x000000076b900000)
  object space 133632K, 20% used [0x00000006c2a00000,0x00000006c44acc58,0x00000006cac80000)
 Metaspace       used 56711K, capacity 59038K, committed 59160K, reserved 1101824K
  class space    used 7226K, capacity 7699K, committed 7808K, reserved 1048576K
}

